[2021-01-21 01:52:00,213 hoshino] CRITICAL: Self: 1142643359, Message -275995813 from 123337671: kkp
[2021-01-21 01:52:07,074 hoshino] CRITICAL: Self: 1142643359, Message 1171529455 from 123337671: kkp
[2021-01-21 01:52:11,278 hoshino] CRITICAL: Self: 1142643359, Message 852700793 from 123337671: kkp
[2021-01-21 01:52:15,308 hoshino] CRITICAL: Self: 1142643359, Message -1411743805 from 123337671: kkp
[2021-01-21 01:52:17,398 hoshino] CRITICAL: Self: 1142643359, Message -589476011 from 123337671: kkp
[2021-01-21 01:56:56,835 hoshino] CRITICAL: Self: 1142643359, Message -1397244966 from 123337671: kkp
[2021-01-21 01:57:27,123 hoshino] CRITICAL: Self: 1142643359, Message 1007199819 from 123337671: kkp
[2021-01-21 01:57:47,175 hoshino] CRITICAL: Self: 1142643359, Message 1557082030 from 123337671: kkp
[2021-01-21 10:38:33,100 hoshino] CRITICAL: Self: 1142643359, Message 1808781967 from 123337671@[群:526850985]:  kkp
[2021-01-21 12:29:57,487 hoshino] CRITICAL: Self: 1142643359, Message 337439898 from 123337671@[群:1018872051]:  nmsl
[2021-01-21 12:30:04,605 hoshino] CRITICAL: Self: 1142643359, Message 1434907247 from 123337671@[群:1018872051]:  nmsl
[2021-01-21 12:32:16,416 hoshino] CRITICAL: Self: 1142643359, Message 636225248 from 1013925386@[群:1018872051]:  cnm
[2021-01-21 12:35:50,629 hoshino] CRITICAL: Self: 1142643359, Message 744114891 from 123337671@[群:1018872051]:  kkp
[2021-01-21 12:36:13,439 hoshino] CRITICAL: Self: 1142643359, Message 2033841247 from 123337671: kkp
[2021-01-21 12:37:38,806 hoshino] CRITICAL: Self: 1142643359, Message -1026262211 from 123337671@[群:526850985]:  kkp
[2021-01-21 12:37:47,316 hoshino] CRITICAL: Self: 1142643359, Message 1000010680 from 123337671@[群:1018872051]:  kkp
[2021-01-21 15:48:53,393 hoshino] CRITICAL: Self: 1142643359, Message -477500371 from 123337671@[群:526850985]:  kkp
[2021-01-21 15:49:08,918 hoshino] CRITICAL: Self: 1142643359, Message 1861831980 from 123337671: kkp
[2021-01-21 15:49:11,538 hoshino] CRITICAL: Self: 1142643359, Message 436108730 from 123337671: kkp
[2021-01-21 15:49:14,033 hoshino] CRITICAL: Self: 1142643359, Message -2131284992 from 123337671: kkp
[2021-01-21 15:49:16,226 hoshino] CRITICAL: Self: 1142643359, Message -135258986 from 123337671: kkp
[2021-01-22 15:25:08,797 hoshino] CRITICAL: Self: 1142643359, Message -889387640 from 123337671: cnm
[2021-01-22 17:19:53,186 hoshino] CRITICAL: Self: 1142643359, Message -35644086 from 123337671: cnm
[2021-01-24 03:44:22,909 hoshino] CRITICAL: Self: 1142643359, Message 1219369690 from 123337671: cnm
